\BOOKMARK [0][-]{Doc-Start}{Vorwort}{}% 1
\BOOKMARK [1][-]{section*.1}{Diplomandenvorstellung}{Doc-Start}% 2
\BOOKMARK [1][-]{section*.2}{Danksagungen}{Doc-Start}% 3
\BOOKMARK [1][-]{section*.3}{Zusammenfassung}{Doc-Start}% 4
\BOOKMARK [1][-]{section*.4}{Abstract}{Doc-Start}% 5
\BOOKMARK [0][-]{section*.5}{Inhaltsverzeichnis}{}% 6
\BOOKMARK [0][-]{chapter.1}{Steganographie \334bersicht}{}% 7
\BOOKMARK [1][-]{section.1.1}{Grundlagen Steganographie}{chapter.1}% 8
\BOOKMARK [1][-]{section.1.2}{Abgrenzung zur Kryptographie}{chapter.1}% 9
\BOOKMARK [1][-]{section.1.3}{Einsatzgebiete}{chapter.1}% 10
\BOOKMARK [1][-]{section.1.4}{Steganographie als ''Wicked Problem''}{chapter.1}% 11
\BOOKMARK [0][-]{chapter.2}{Klassiche Verfahren der Steganographie}{}% 12
\BOOKMARK [1][-]{section.2.1}{Spreu und Weizen Verfahren}{chapter.2}% 13
\BOOKMARK [2][-]{subsection.2.1.1}{Sender-Seite}{section.2.1}% 14
\BOOKMARK [2][-]{subsection.2.1.2}{Die Spreu}{section.2.1}% 15
\BOOKMARK [2][-]{subsection.2.1.3}{Empf\344nger-Seite}{section.2.1}% 16
\BOOKMARK [2][-]{subsection.2.1.4}{Sicherheitsaspekte}{section.2.1}% 17
\BOOKMARK [1][-]{section.2.2}{}{chapter.2}% 18
\BOOKMARK [0][-]{section*.10}{Anhang}{}% 19
\BOOKMARK [1][-]{section*.12}{Tabellenverzeichnis}{section*.10}% 20
\BOOKMARK [1][-]{section*.14}{Verzeichnis der Listings}{section*.10}% 21
\BOOKMARK [1][-]{section*.17}{Literaturverzeichnis}{section*.10}% 22
